#
# There is insufficient memory for the Java Runtime Environment to continue.
# Native memory allocation (mmap) failed to map 268435456 bytes for G1 virtual space
# Possible reasons:
#   The system is out of physical RAM or swap space
#   The process is running with CompressedOops enabled, and the Java Heap may be blocking the growth of the native heap
# Possible solutions:
#   Reduce memory load on the system
#   Increase physical memory or swap space
#   Check if swap backing store is full
#   Decrease Java heap size (-Xmx/-Xms)
#   Decrease number of Java threads
#   Decrease Java thread stack sizes (-Xss)
#   Set larger code cache with -XX:ReservedCodeCacheSize=
#   JVM is running with Zero Based Compressed Oops mode in which the Java heap is
#     placed in the first 32GB address space. The Java Heap base address is the
#     maximum limit for the native heap growth. Please use -XX:HeapBaseMinAddress
#     to set the Java Heap base and to place the Java Heap above 32GB virtual address.
# This output file may be truncated or incomplete.
#
#  Out of Memory Error (os_windows.cpp:3600), pid=390844, tid=23356
#
# JRE version:  (21.0.4+8) (build )
# Java VM: Java HotSpot(TM) 64-Bit Server VM (21.0.4+8-LTS-274, mixed mode, sharing, tiered, compressed oops, compressed class ptrs, g1 gc, windows-amd64)
# No core dump will be written. Minidumps are not enabled by default on client versions of Windows
#

---------------  S U M M A R Y ------------

Command Line: -Dfile.encoding=UTF-8 -Duser.country=KR -Duser.language=ko -Duser.variant com.codeZero.photoMap.PhotoMapApplication

Host: Intel(R) Core(TM) i5-8265U CPU @ 1.60GHz, 8 cores, 15G,  Windows 11 , 64 bit Build 22621 (10.0.22621.3958)
Time: Sun Nov  3 02:15:59 2024  Windows 11 , 64 bit Build 22621 (10.0.22621.3958) elapsed time: 0.042217 seconds (0d 0h 0m 0s)

---------------  T H R E A D  ---------------

Current thread (0x0000017a0eb75d90):  JavaThread "Unknown thread" [_thread_in_vm, id=23356, stack(0x0000007188400000,0x0000007188500000) (1024K)]

Stack: [0x0000007188400000,0x0000007188500000]
Native frames: (J=compiled Java code, j=interpreted, Vv=VM code, C=native code)
V  [jvm.dll+0x6c8e59]
V  [jvm.dll+0x853181]
V  [jvm.dll+0x8556ae]
V  [jvm.dll+0x855d83]
V  [jvm.dll+0x27d526]
V  [jvm.dll+0x6c55f5]
V  [jvm.dll+0x6ba17a]
V  [jvm.dll+0x352a8a]
V  [jvm.dll+0x35a6e6]
V  [jvm.dll+0x3acdae]
V  [jvm.dll+0x3ad058]
V  [jvm.dll+0x326dec]
V  [jvm.dll+0x32794b]
V  [jvm.dll+0x81c569]
V  [jvm.dll+0x3b9a11]
V  [jvm.dll+0x805948]
V  [jvm.dll+0x44ec5e]
V  [jvm.dll+0x450851]
C  [jli.dll+0x52a3]
C  [ucrtbase.dll+0x29333]
C  [KERNEL32.DLL+0x1257d]
C  [ntdll.dll+0x5af08]


---------------  P R O C E S S  ---------------

Threads class SMR info:
_java_thread_list=0x00007ff97c006c08, length=0, elements={
}

Java Threads: ( => current thread )
Total: 0

Other Threads:
  0x0000017a10e4ff80 WorkerThread "GC Thread#0"                     [id=391380, stack(0x0000007188500000,0x0000007188600000) (1024K)]
  0x0000017a10e60e50 ConcurrentGCThread "G1 Main Marker"            [id=392928, stack(0x0000007188600000,0x0000007188700000) (1024K)]
  0x0000017a10e61ff0 WorkerThread "G1 Conc#0"                       [id=391632, stack(0x0000007188700000,0x0000007188800000) (1024K)]

[error occurred during error reporting (printing all threads), id 0xc0000005, EXCEPTION_ACCESS_VIOLATION (0xc0000005) at pc=0x00007ff97b779577]
VM state: not at safepoint (not fully initialized)

VM Mutex/Monitor currently owned by a thread:  ([mutex/lock_event])
[0x00007ff97c077f98] Heap_lock - owner thread: 0x0000017a0eb75d90

Heap address: 0x0000000701c00000, size: 4068 MB, Compressed Oops mode: Zero based, Oop shift amount: 3

CDS archive(s) mapped at: [0x0000000000000000-0x0000000000000000-0x0000000000000000), size 0, SharedBaseAddress: 0x0000000800000000, ArchiveRelocationMode: 1.
Narrow klass base: 0x0000000000000000, Narrow klass shift: 0, Narrow klass range: 0x0

GC Precious Log:
 CardTable entry size: 512
 Card Set container configuration: InlinePtr #cards 4 size 8 Array Of Cards #cards 16 size 48 Howl #buckets 8 coarsen threshold 3686 Howl Bitmap #cards 512 size 80 coarsen threshold 460 Card regions per heap region 1 cards per card region 4096

Heap:
 garbage-first heap   total 0K, used 0K [0x0000000701c00000, 0x0000000800000000)
  region size 2048K, 0 young (0K), 0 survivors (0K)

[error occurred during error reporting (printing heap information), id 0xc0000005, EXCEPTION_ACCESS_VIOLATION (0xc0000005) at pc=0x00007ff97bb61df9]
GC Heap History (0 events):
No events

Dll operation events (1 events):
Event: 0.029 Loaded shared library C:\Program Files\Java\jdk-21\bin\java.dll

Deoptimization events (0 events):
No events

Classes loaded (0 events):
No events

Classes unloaded (0 events):
No events

Classes redefined (0 events):
No events

Internal exceptions (0 events):
No events

ZGC Phase Switch (0 events):
No events

VM Operations (0 events):
No events

Events (0 events):
No events


Dynamic libraries:
0x00007ff637ae0000 - 0x00007ff637af0000 	C:\Program Files\Java\jdk-21\bin\java.exe
0x00007ffa003b0000 - 0x00007ffa005c7000 	C:\WINDOWS\SYSTEM32\ntdll.dll
0x00007ff9ff080000 - 0x00007ff9ff144000 	C:\WINDOWS\System32\KERNEL32.DLL
0x00007ff9fdd20000 - 0x00007ff9fe0d7000 	C:\WINDOWS\System32\KERNELBASE.dll
0x00007ff9fd6c0000 - 0x00007ff9fd7d1000 	C:\WINDOWS\System32\ucrtbase.dll
0x00007ff9f4250000 - 0x00007ff9f4269000 	C:\Program Files\Java\jdk-21\bin\jli.dll
0x00007ff9f3ce0000 - 0x00007ff9f3cfb000 	C:\Program Files\Java\jdk-21\bin\VCRUNTIME140.dll
0x00007ffa002b0000 - 0x00007ffa00362000 	C:\WINDOWS\System32\ADVAPI32.dll
0x00007ff9ff780000 - 0x00007ff9ff827000 	C:\WINDOWS\System32\msvcrt.dll
0x00007ff9fefd0000 - 0x00007ff9ff078000 	C:\WINDOWS\System32\sechost.dll
0x00007ff9fdcf0000 - 0x00007ff9fdd18000 	C:\WINDOWS\System32\bcrypt.dll
0x00007ff9fe150000 - 0x00007ff9fe264000 	C:\WINDOWS\System32\RPCRT4.dll
0x00007ff9ffee0000 - 0x00007ffa0008f000 	C:\WINDOWS\System32\USER32.dll
0x00007ff9fd7e0000 - 0x00007ff9fd806000 	C:\WINDOWS\System32\win32u.dll
0x00007ff9fedd0000 - 0x00007ff9fedf9000 	C:\WINDOWS\System32\GDI32.dll
0x00007ff9fdbd0000 - 0x00007ff9fdce8000 	C:\WINDOWS\System32\gdi32full.dll
0x00007ff9fdb30000 - 0x00007ff9fdbca000 	C:\WINDOWS\System32\msvcp_win.dll
0x00007ff9dd500000 - 0x00007ff9dd793000 	C:\WINDOWS\WinSxS\amd64_microsoft.windows.common-controls_6595b64144ccf1df_6.0.22621.3672_none_2713b9d173822955\COMCTL32.dll
0x00007ff9f6b60000 - 0x00007ff9f6b6a000 	C:\WINDOWS\SYSTEM32\VERSION.dll
0x00007ff9ff5e0000 - 0x00007ff9ff611000 	C:\WINDOWS\System32\IMM32.DLL
0x00007ff9f8a00000 - 0x00007ff9f8a0c000 	C:\Program Files\Java\jdk-21\bin\vcruntime140_1.dll
0x00007ff9da8a0000 - 0x00007ff9da92e000 	C:\Program Files\Java\jdk-21\bin\msvcp140.dll
0x00007ff97b440000 - 0x00007ff97c153000 	C:\Program Files\Java\jdk-21\bin\server\jvm.dll
0x00007ff9fe3d0000 - 0x00007ff9fe441000 	C:\WINDOWS\System32\WS2_32.dll
0x00007ff9f6870000 - 0x00007ff9f68a4000 	C:\WINDOWS\SYSTEM32\WINMM.dll
0x00007ff9fc530000 - 0x00007ff9fc57d000 	C:\WINDOWS\SYSTEM32\POWRPROF.dll
0x00007ff9fc510000 - 0x00007ff9fc523000 	C:\WINDOWS\SYSTEM32\UMPDC.dll
0x00007ff9fc7c0000 - 0x00007ff9fc7d8000 	C:\WINDOWS\SYSTEM32\kernel.appcore.dll
0x00007ff9f8060000 - 0x00007ff9f806a000 	C:\Program Files\Java\jdk-21\bin\jimage.dll
0x00007ff9fafb0000 - 0x00007ff9fb1e2000 	C:\WINDOWS\SYSTEM32\DBGHELP.DLL
0x00007ff9ff8e0000 - 0x00007ff9ffc6e000 	C:\WINDOWS\System32\combase.dll
0x00007ffa001d0000 - 0x00007ffa002a7000 	C:\WINDOWS\System32\OLEAUT32.dll
0x00007ff9f59b0000 - 0x00007ff9f59e2000 	C:\WINDOWS\SYSTEM32\dbgcore.DLL
0x00007ff9fd8d0000 - 0x00007ff9fd94b000 	C:\WINDOWS\System32\bcryptPrimitives.dll
0x00007ff9f3c30000 - 0x00007ff9f3c4f000 	C:\Program Files\Java\jdk-21\bin\java.dll

dbghelp: loaded successfully - version: 4.0.5 - missing functions: none
symbol engine: initialized successfully - sym options: 0x614 - pdb path: .;C:\Program Files\Java\jdk-21\bin;C:\WINDOWS\SYSTEM32;C:\WINDOWS\WinSxS\amd64_microsoft.windows.common-controls_6595b64144ccf1df_6.0.22621.3672_none_2713b9d173822955;C:\Program Files\Java\jdk-21\bin\server

VM Arguments:
jvm_args: -Dfile.encoding=UTF-8 -Duser.country=KR -Duser.language=ko -Duser.variant 
java_command: com.codeZero.photoMap.PhotoMapApplication
java_class_path (initial): C:\Users\dadaa\Desktop\project\photomap\photoMap\backend\photoMap\build\classes\java\main;C:\Users\dadaa\Desktop\project\photomap\photoMap\backend\photoMap\build\resources\main;C:\Users\dadaa\.gradle\caches\modules-2\files-2.1\org.springframework.boot\spring-boot-starter-data-jpa\3.3.4\60df2a5bea8752fb215f3c8e1dffeb3554773a49\spring-boot-starter-data-jpa-3.3.4.jar;C:\Users\dadaa\.gradle\caches\modules-2\files-2.1\org.springframework.boot\spring-boot-starter-web\3.3.4\b43a9fd107611337777b47dc7518e2aca59e58eb\spring-boot-starter-web-3.3.4.jar;C:\Users\dadaa\.gradle\caches\modules-2\files-2.1\io.awspring.cloud\spring-cloud-aws-starter\3.2.0\a434a8f5f83338550f91aeab026d0cd299ba8601\spring-cloud-aws-starter-3.2.0.jar;C:\Users\dadaa\.gradle\caches\modules-2\files-2.1\com.amazonaws\aws-java-sdk-s3\1.12.767\a8c90535953f00930cc523807811dce089416d06\aws-java-sdk-s3-1.12.767.jar;C:\Users\dadaa\.gradle\caches\modules-2\files-2.1\org.hibernate.validator\hibernate-validator\7.0.0.Final\e1282d7a380bc8c511e070481e0d414986301042\hibernate-validator-7.0.0.Final.jar;C:\Users\dadaa\.gradle\caches\modules-2\files-2.1\jakarta.validation\jakarta.validation-api\3.0.0\8c8eecc40da64037d7731356511c568d466f8480\jakarta.validation-api-3.0.0.jar;C:\Users\dadaa\.gradle\caches\modules-2\files-2.1\org.springframework.boot\spring-boot-starter-security\3.3.4\58e8b8decf2116c2e3422368d8f1ebd5bdff117\spring-boot-starter-security-3.3.4.jar;C:\Users\dadaa\.gradle\caches\modules-2\files-2.1\org.springframework.boot\spring-boot-starter-oauth2-client\3.3.4\32fce0906617e9afc48a50a20a161674b080027f\spring-boot-starter-oauth2-client-3.3.4.jar;C:\Users\dadaa\.gradle\caches\modules-2\files-2.1\io.jsonwebtoken\jjwt-impl\0.12.6\ac23673a84b6089e0369fb8ab2c69edd91cd6eb0\jjwt-impl-0.12.6.jar;C:\Users\dadaa\.gradle\caches\modules-2\files-2.1\io.jsonwebtoken\jjwt-jackson\0.12.6\f141e0c1136ba17f2632858238a31ae05642dbf8\jjwt-jackson-0.12.6.jar;C:\Users\dadaa\.gradle\caches\modules-2\files-2.1\io.jsonwebtoken\jjwt-api\0.12.6\478886a888f6add04937baf0361144504a024967\jjwt-api-0.12.6.jar;C:\Users\dadaa\.gradle\caches\modules-2\files-2.1\com.h2database\h2\2.2.224\7bdade27d8cd197d9b5ce9dc251f41d2edc5f7ad\h2-2.2.224.jar;C:\Users\dadaa\.gradle\caches\modules-2\files-2.1\org.springframework.boot\spring-boot-starter-aop\3.3.4\4e0fef42facab9dbdbc7784dc4fb7698bf1c6b49\spring-boot-starter-aop-3.3.4.jar;C:\Users\dadaa\.gradle\caches\modules-2\files-2.1\org.springframework.boot\spring-boot-starter-jdbc\3.3.4\b6bc324d5af04af752a6f3e44ea8e4cd96b28343\spring-boot-starter-jdbc-3.3.4.jar;C:\Users\dadaa\.gradle\caches\modules-2\files-2.1\org.hibernate.orm\hibernate-core\6.5.3.Final\1e23c320a5d10f5eaecbd23095fca5c5c83c1fb5\hibernate-core-6.5.3.Final.jar;C:\Users\dadaa\.gradle\caches\modules-2\files-2.1\org.springframework.data\spring-data-jpa\3.3.4\f92296e4b6d18f5f79c5e6074da96bf0de2006d3\spring-data-jpa-3.3.4.jar;C:\Users\dadaa\.gradle\caches\modules-2\files-2.1\org.springframework\spring-aspects\6.1.13\d606215f2876e8a3ed1945db5adfbb76a7e3f0e7\spring-aspects-6.1.13.jar;C:\Users\dadaa\.gradle\caches\modules-2\files-2.1\org.springframework.boot\spring-boot-starter-json\3.3.4\816ab4ccd364350e3d0b5c1d53c2e5302a49eae6\spring-boot-starter-json-3.3.4.jar;C:\Users\dadaa\.gradle\caches\modules-2\files-2.1\org.springframework.boot\spring-boot-starter\3.3.4\f02312a6816fb439a55d2920b9af8f0f8abf5bac\spring-boot-starter-3.3.4.jar;C:\Users\dadaa\.gradle\caches\modules-2\files-2.1\org.springframework.boot\spring-boot-starter-tomcat\3.3.4\7e552e904d54a0bd3f2ac8666e3344caa799a181\spring-boot-starter-tomcat-3.3.4.jar;C:\Users\dadaa\.gradle\caches\modules-2\files-2.1\org.springframework\spring-webmvc\6.1.13\ca5f025b133c69026bfe01daa6132d0ac2e4a59f\spring-webmvc-6.1.13.jar;C:\Users\dadaa\.gradle\caches\modules-2\files-2.1\org.springframework.security\spring-security-oauth2-client\6.3.3\b19fc9b0f8fda205a21472129e9748a4a55452d2\spring-security-oauth2-client-6.3.3.jar;C:\Users\dadaa\.gradle\caches\modules-2\files-2.1\org.springframework.security\spring-security-web\6.3.3\54455b90899cd803e92b020124e859a859f63ee0\spring-security-web-6.3.3.jar;C:\Users\dadaa\.gradle\caches\modules-2\files-2.1\org.springframework.security\spring-security-oauth2-jose\6.3.3\93910bf54ae6bd0141ade7fb6e05c28f59a0456\spring-security-oauth2-jose-6.3.3.jar;C:\Users\dadaa\.gradle\caches\modules-2\files-2.1\org.springframework.security\spring-security-oauth2-core\6.3.3\d592c08316e3b6c0d361c931ae11d3c7f3ebd21d\spring-security-oauth2-core-6.3.3.jar;C:\Users\dadaa\.gradle\caches\modules-2\files-2.1\org.springframework\spring-web\6.1.13\e4028dbbc4ae1fb4bfd3257c53302956d7687b66\spring-web-6.1.13.jar;C:\Users\dadaa\.gradle\caches\modules-2\files-2.1\io.awspring.cloud\spring-cloud-aws-autoconfigure\3.2.0\d8cc516ab38d1beb80e3bfd64997843e72054556\spring-cloud-aws-autoconfigure-3.2.0.jar;C:\Users\dadaa\.gradle\caches\modules-2\files-2.1\io.awspring.cloud\spring-cloud-aws-core\3.2.0\c5d31ae078cd8ce51d1360fad2a0c359c2c9abf3\spring-cloud-aws-core-3.2.0.jar;C:\Users\dadaa\.gradle\caches\modules-2\files-2.1\com.zaxxer\HikariCP\5.1.0\8c96e36c14461fc436bb02b264b96ef3ca5dca8c\HikariCP-5.1.0.jar;C:\Users\dadaa\.gradle\caches\modules-2\files-2.1\org.springframework.data\spring-data-commons\3.3.4\f0f6bca5b0cd7d318666e2d3f02726c615334678\spring-data-commons-3.3.4.jar;C:\Users\dadaa\.gradle\caches\modules-2\files-2.1\software.amazon.awssdk\aws-core\2.25.70\aa1d3662c4fc7962b8d74f27207cc4b0dcf99a0a\aws-core-2.25.70.jar;C:\Users\dadaa\.gradle\caches\modules-2\files-2.1\software.amazon.awssdk\auth\2.25.70\d871c8ef6346437ce23dfa7724bbbce7c47cd01d\auth-2.25.70.jar;C:\Users\dadaa\.gradle\caches\modules-2\files-2.1\software.amazon.awssdk\regions\2.25.70\233b1e17203fe28ec109a85a63afd0124060956c\regions-2.25.70.jar;C:\Users\dadaa\.gradle\caches\modules-2\files-2.1\org.springframework.boot\spring-boot-starter-logging\3.3.4\c83073c0f5574b2146695ab716bcef3d6baa45e6\spring-boot-starter-logging-3.3.4.jar;C:\Users\dadaa\.gradle\caches\modules-2\files-2.1\ch.qos.logback\logback-classic\1.5.8\229bb1ef6b14dfbf74ff443af9097d836dc5f0dd\logback-classic-1.5.8.jar;C:\Users\dadaa\.gradle\caches\modules-2\files-2.1\org.apache.logging.log4j\log4j-to-slf4j\2.23.1\425ad1eb8a39904d2830e907a324e956fb456520\log4j-to-slf4j-2.23.1.jar;C:\Users\dadaa\.gradle\caches\modules-2\files-2.1\org.slf4j\jul-to-slf4j\2.0.16\6d57da3e961daac65bcca0dd3def6cd11e48a24a\jul-to-slf4j-2.0.16.jar;C:\Users\dadaa\.gradle\caches\modules-2\files-2.1\software.amazon.awssdk\sdk-core\2.25.70\ce87a4569a2a3a5ace836044bad670f906ef77b\sdk-core-2.25.70.jar;C:\Users\dadaa\.gradle\caches\modules-2\files-2.1\software.amazon.awssdk\http-auth\2.25.70\91f836f268143c992b958824ad3af31dd6aed60e\http-auth-2.25.70.jar;C:\Users\dadaa\.gradle\caches\modules-2\files-2.1\software.amazon.awssdk\http-auth-aws\2.25.70\7f20d5007a95bbb106f915f77c66d4eaa4ac4ca3\http-auth-aws-2.25.70.jar;C:\Users\dadaa\.gradle\caches\modules-2\files-2.1\software.amazon.awssdk\http-auth-spi\2.25.70\cb799354c363034e2a12c2d580b72326e908a1f8\http-auth-spi-2.25.70.jar;C:\Users\dadaa\.gradle\caches\modules-2\files-2.1\software.amazon.awssdk\identity-spi\2.25.70\623f4d1c992cab5422e704414e6b7ed691c436cd\identity-spi-2.25.70.jar;C:\Users\dadaa\.gradle\caches\modules-2\files-2.1\software.amazon.awssdk\profiles\2.25.70\4f46ba546883684f64af3b248334622274a8881\profiles-2.25.70.jar;C:\Users\dadaa\.gradle\caches\modules-2\files-2.1\software.amazon.awssdk\http-client-spi\2.25.70\5ba2695b02105f39f4e19136ad829a5e51f0db84\http-client-spi-2.25.70.jar;C:\Users\dadaa\.gradle\caches\modules-2\files-2.1\software.amazon.awssdk\metrics-spi\2.25.70\65af2efe4d4f1e4bb443cfe1552f065b0fd0a8dd\metrics-spi-2.25.70.jar;C:\Users\dadaa\.gradle\caches\modules-2\files-2.1\software.amazon.awssdk\json-utils\2.25.70\c9d0410038f8f7479eead3b3644720c0ac66d518\json-utils-2.25.70.jar;C:\Users\dadaa\.gradle\caches\modules-2\files-2.1\software.amazon.awssdk\utils\2.25.70\383a1f8a10209bc6d2a2921b801072cf8ab577ce\utils-2.25.70.jar;C:\Users\dadaa\.gradle\caches\modules-2\files-2.1\org.slf4j\slf4j-api\2.0.16\172931663a09a1fa515567af5fbef00897d3c04\slf4j-api-2.0.16.jar;C:\Users\dadaa\.gradle\caches\modules-2\files-2.1\com.amazonaws\aws-java-sdk-kms\1.12.767\f9c2366fe626b66a58c242029cee331a39e8e376\aws-java-sdk-kms-1.12.767.jar;C:\Users\dadaa\.gradle\caches\modules-2\files-2.1\com.amazonaws\aws-java-sdk-core\1.12.767\c4fc14c8dadc52c7a313b87c31bd1994af516df\aws-java-sdk-core-1.12.767.jar;C:\Users\dadaa\.gradle\caches\modules-2\files-2.1\com.amazonaws\jmespath-java\1.12.767\738e1d9b693b6c842cb1c8c50258ecd1675c8a12\jmespath-java-1.12.767.jar;C:\Users\dadaa\.gradle\caches\modules-2\files-2.1\org.jboss.logging\jboss-logging\3.5.3.Final\c88fc1d8a96d4c3491f55d4317458ccad53ca663\jboss-logging-3.5.3.Final.jar;C:\Users\dadaa\.gradle\caches\modules-2\files-2.1\com.fasterxml\classmate\1.7.0\e98374da1f2143ac8e6e0a95036994bb19137a3\classmate-1.7.0.jar;C:\Users\dadaa\.gradle\caches\modules-2\files-2.1\org.springframework.security\spring-security-config\6.3.3\57b2c01e0a9e12b4418668ebc369e39b648e61bb\spring-security-config-6.3.3.jar;C:\Users\dadaa\.gradle\caches\modules-2\files-2.1\org.springframework.security\spring-security-core\6.3.3\2bf159e3db212d61408a2f728d6d7252dfaf4710\spring-security-core-6.3.3.jar;C:\Users\dadaa\.gradle\caches\modules-2\files-2.1\org.springframework.boot\spring-boot-autoconfigure\3.3.4\979234a0f3035fe60d5e505018789f98a7ec7ee3\spring-boot-autoconfigure-3.3.4.jar;C:\Users\dadaa\.gradle\caches\modules-2\files-2.1\org.springframework.boot\spring-boot\3.3.4\f06c6950aa5766b63328e821641f5c7d71be819d\spring-boot-3.3.4.jar;C:\Users\dadaa\.gradle\caches\modules-2\files-2.1\org.springframework\spring-context\6.1.13\d5163ddae069c5d78c841cd3a60c4db25bf16401\spring-context-6.1.13.jar;C:\Users\dadaa\.gradle\caches\modules-2\files-2.1\org.springframework\spring-aop\6.1.13\ad2c631e1717fdc6d91d56c06d4fd61e0215c19a\spring-aop-6.1.13.jar;C:\Users\dadaa\.gradle\caches\modules-2\files-2.1\com.fasterxml.jackson.datatype\jackson-datatype-jsr310\2.17.2\267b85e9ba2892a37be6d80aa9ca1438a0d8c210\jackson-datatype-jsr310-2.17.2.jar;C:\Users\dadaa\.gradle\caches\modules-2\files-2.1\com.fasterxml.jackson.module\jackson-module-parameter-names\2.17.2\d27b9f95ccce98984c1ba58d61c5a9c072b1ad95\jackson-module-parameter-names-2.17.2.jar;C:\Users\dadaa\.gradle\caches\modules-2\files-2.1\com.fasterxml.jackson.dataformat\jackson-dataformat-cbor\2.17.2\57fa7c1b5104bbc4599278d13933a937ee058e68\jackson-dataformat-cbor-2.17.2.jar;C:\Users\dadaa\.gradle\caches\modules-2\files-2.1\com.fasterxml.jackson.core\jackson-annotations\2.17.2\147b7b9412ffff24339f8aba080b292448e08698\jackson-annotations-2.17.2.jar;C:\Users\dadaa\.gradle\caches\modules-2\files-2.1\com.fasterxml.jackson.core\jackson-core\2.17.2\969a35cb35c86512acbadcdbbbfb044c877db814\jackson-core-2.17.2.jar;C:\Users\dadaa\.gradle\caches\modules-2\files-2.1\com.fasterxml.jackson.datatype\jackson-datatype-jdk8\2.17.2\efd3dd0e1d0db8bc72abbe71c15e697bb83b4b45\jackson-datatype-jdk8-2.17.2.jar;C:\Users\dadaa\.gradle\caches\modules-2\files-2.1\com.fasterxml.jackson.core\jackson-databind\2.17.2\e6deb029e5901e027c129341fac39e515066b68c\jackson-databind-2.17.2.jar;C:\Users\dadaa\.gradle\caches\modules-2\files-2.1\org.aspectj\aspectjweaver\1.9.22.1\bca243d0af0db4758fbae45c5f4995cb5dabb612\aspectjweaver-1.9.22.1.jar;C:\Users\dadaa\.gradle\caches\modules-2\files-2.1\org.springframework\spring-orm\6.1.13\68093388cd8fca9ad2731e63bfb8de3f2604474\spring-orm-6.1.13.jar;C:\Users\dadaa\.gradle\caches\modules-2\files-2.1\org.springframework\spring-jdbc\6.1.13\11811219be3452cfd989c57d3de4529f6927352f\spring-jdbc-6.1.13.jar;C:\Users\dadaa\.gradle\caches\modules-2\files-2.1\jakarta.persistence\jakarta.persistence-api\3.1.0\66901fa1c373c6aff65c13791cc11da72060a8d6\jakarta.persistence-api-3.1.0.jar;C:\Users\dadaa\.gradle\caches\modules-2\files-2.1\jakarta.transaction\jakarta.transaction-api\2.0.1\51a520e3fae406abb84e2e1148e6746ce3f80a1a\jakarta.transaction-api-2.0.1.jar;C:\Users\dadaa\.gradle\caches\modules-2\files-2.1\org.hibernate.common\hibernate-commons-annotations\6.0.6.Final\77a5f94b56d49508e0ee334751db5b78e5ccd50c\hibernate-commons-annotations-6.0.6.Final.jar;C:\Users\dadaa\.gradle\caches\modules-2\files-2.1\io.smallrye\jandex\3.1.2\a6c1c89925c7df06242b03dddb353116ceb9584c\jandex-3.1.2.jar;C:\Users\dadaa\.gradle\caches\modules-2\files-2.1\net.bytebuddy\byte-buddy\1.14.19\4c0c637b8f47dc08f89240e6f59900011752c97b\byte-buddy-1.14.19.jar;C:\Users\dadaa\.gradle\caches\modules-2\files-2.1\org.glassfish.jaxb\jaxb-runtime\4.0.5\ca84c2a7169b5293e232b9d00d1e4e36d4c3914a\jaxb-runtime-4.0.5.jar;C:\Users\dadaa\.gradle\caches\modules-2\files-2.1\org.glassfish.jaxb\jaxb-core\4.0.5\7b4b11ea5542eea4ad55e1080b23be436795b3\jaxb-core-4.0.5.jar;C:\Users\dadaa\.gradle\caches\modules-2\files-2.1\jakarta.xml.bind\jakarta.xml.bind-api\4.0.2\6cd5a999b834b63238005b7144136379dc36cad2\jakarta.xml.bind-api-4.0.2.jar;C:\Users\dadaa\.gradle\caches\modules-2\files-2.1\jakarta.inject\jakarta.inject-api\2.0.1\4c28afe1991a941d7702fe1362c365f0a8641d1e\jakarta.inject-api-2.0.1.jar;C:\Users\dadaa\.gradle\caches\modules-2\files-2.1\org.antlr\antlr4-runtime\4.13.0\5a02e48521624faaf5ff4d99afc88b01686af655\antlr4-runtime-4.13.0.jar;C:\Users\dadaa\.gradle\caches\modules-2\files-2.1\org.springframework\spring-tx\6.1.13\ed041ecf9a5f480e1b11d0b58a06d8034ff8cfea\spring-tx-6.1.13.jar;C:\Users\dadaa\.gradle\caches\modules-2\files-2.1\org.springframework\spring-beans\6.1.13\90bbee6278b46b145e64e5ae29316bdd459c6826\spring-beans-6.1.13.jar;C:\Users\dadaa\.gradle\caches\modules-2\files-2.1\org.springframework\spring-expression\6.1.13\be30254712ca0549cbd539ba05c57064917253f3\spring-expression-6.1.13.jar;C:\Users\dadaa\.gradle\caches\modules-2\files-2.1\org.springframework\spring-core\6.1.13\ddbd765408d2665f47017c8f05a7682012f91da3\spring-core-6.1.13.jar;C:\Users\dadaa\.gradle\caches\modules-2\files-2.1\jakarta.annotation\jakarta.annotation-api\2.1.1\48b9bda22b091b1f48b13af03fe36db3be6e1ae3\jakarta.annotation-api-2.1.1.jar;C:\Users\dadaa\.gradle\caches\modules-2\files-2.1\org.yaml\snakeyaml\2.2\3af797a25458550a16bf89acc8e4ab2b7f2bfce0\snakeyaml-2.2.jar;C:\Users\dadaa\.gradle\caches\modules-2\files-2.1\org.apache.tomcat.embed\tomcat-embed-websocket\10.1.30\b8cc73d6878688d5afb8fb78c3f9ea1bc3e5e6cf\tomcat-embed-websocket-10.1.30.jar;C:\Users\dadaa\.gradle\caches\modules-2\files-2.1\org.apache.tomcat.embed\tomcat-embed-core\10.1.30\852ff3547f179175feaff39c443e9b980ec2cc2\tomcat-embed-core-10.1.30.jar;C:\Users\dadaa\.gradle\caches\modules-2\files-2.1\org.apache.tomcat.embed\tomcat-embed-el\10.1.30\432b176aa50de87c3bbda99b0fe85523abfd1382\tomcat-embed-el-10.1.30.jar;C:\Users\dadaa\.gradle\caches\modules-2\files-2.1\io.micrometer\micrometer-observation\1.13.4\2673c9b181ab2512002b23b7ad0f1dd02212696c\micrometer-observation-1.13.4.jar;C:\Users\dadaa\.gradle\caches\modules-2\files-2.1\org.apache.httpcomponents\httpclient\4.5.13\e5f6cae5ca7ecaac1ec2827a9e2d65ae2869cada\httpclient-4.5.13.jar;C:\Users\dadaa\.gradle\caches\modules-2\files-2.1\commons-logging\commons-logging\1.2\4bfc12adfe4842bf07b657f0369c4cb522955686\commons-logging-1.2.jar;C:\Users\dadaa\.gradle\caches\modules-2\files-2.1\commons-codec\commons-codec\1.16.1\47bd4d333fba53406f6c6c51884ddbca435c8862\commons-codec-1.16.1.jar;C:\Users\dadaa\.gradle\caches\modules-2\files-2.1\joda-time\joda-time\2.12.7\d015b997eccd511e5567218a51651ff0625f6f25\joda-time-2.12.7.jar;C:\Users\dadaa\.gradle\caches\modules-2\files-2.1\org.springframework.security\spring-security-crypto\6.3.3\a44e901cd1cfa1d6c20d30b69b83499e12e607a1\spring-security-crypto-6.3.3.jar;C:\Users\dadaa\.gradle\caches\modules-2\files-2.1\com.nimbusds\oauth2-oidc-sdk\9.43.4\a07529930dbea9b469d1feeb5bc9cde899cf6e60\oauth2-oidc-sdk-9.43.4.jar;C:\Users\dadaa\.gradle\caches\modules-2\files-2.1\com.nimbusds\nimbus-jose-jwt\9.37.3\700f71ffefd60c16bd8ce711a956967ea9071cec\nimbus-jose-jwt-9.37.3.jar;C:\Users\dadaa\.gradle\caches\modules-2\files-2.1\org.eclipse.angus\angus-activation\2.0.2\41f1e0ddd157c856926ed149ab837d110955a9fc\angus-activation-2.0.2.jar;C:\Users\dadaa\.gradle\caches\modules-2\files-2.1\jakarta.activation\jakarta.activation-api\2.1.3\fa165bd70cda600368eee31555222776a46b881f\jakarta.activation-api-2.1.3.jar;C:\Users\dadaa\.gradle\caches\modules-2\files-2.1\org.springframework\spring-jcl\6.1.13\37291ff008a66a9dbf2c98e11bd468cfadaa7ebc\spring-jcl-6.1.13.jar;C:\Users\dadaa\.gradle\caches\modules-2\files-2.1\io.micrometer\micrometer-commons\1.13.4\edcf69518a4c382c48e19c7fb7d4aedfb115c0c3\micrometer-commons-1.13.4.jar;C:\Users\dadaa\.gradle\caches\modules-2\files-2.1\software.amazon.awssdk\endpoints-spi\2.25.70\110730d5e2aa7936edbc36ae513ed67d3b0d624c\endpoints-spi-2.25.70.jar;C:\Users\dadaa\.gradle\caches\modules-2\files-2.1\software.amazon.awssdk\checksums\2.25.70\e26d170f12c42ce5bd5ee7bb01882abb00c0e13a\checksums-2.25.70.jar;C:\Users\dadaa\.gradle\caches\modules-2\files-2.1\software.amazon.awssdk\checksums-spi\2.25.70\1e79485aed6aafaae6b459bbc8569474d5d95df1\checksums-spi-2.25.70.jar;C:\Users\dadaa\.gradle\caches\modules-2\files-2.1\software.amazon.awssdk\annotations\2.25.70\d9717be2cb099da15425cd0db1519aad4df04375\annotations-2.25.70.jar;C:\Users\dadaa\.gradle\caches\modules-2\files-2.1\software.amazon.eventstream\eventstream\1.0.1\6ff8649dffc5190366ada897ba8525a836297784\eventstream-1.0.1.jar;C:\Users\dadaa\.gradle\caches\modules-2\files-2.1\org.apache.httpcomponents\httpcore\4.4.16\51cf043c87253c9f58b539c9f7e44c8894223850\httpcore-4.4.16.jar;C:\Users\dadaa\.gradle\caches\modules-2\files-2.1\com.github.stephenc.jcip\jcip-annotations\1.0-1\ef31541dd28ae2cefdd17c7ebf352d93e9058c63\jcip-annotations-1.0-1.jar;C:\Users\dadaa\.gradle\caches\modules-2\files-2.1\com.nimbusds\content-type\2.2\9a894bce7646dd4086652d85b88013229f23724b\content-type-2.2.jar;C:\Users\dadaa\.gradle\caches\modules-2\files-2.1\net.minidev\json-smart\2.5.1\4c11d2808d009132dfbbf947ebf37de6bf266c8e\json-smart-2.5.1.jar;C:\Users\dadaa\.gradle\caches\modules-2\files-2.1\com.nimbusds\lang-tag\1.7\97c73ecd70bc7e8eefb26c5eea84f251a63f1031\lang-tag-1.7.jar;C:\Users\dadaa\.gradle\caches\modules-2\files-2.1\org.glassfish.jaxb\txw2\4.0.5\f36a4ef12120a9bb06d766d6a0e54b144fd7ed98\txw2-4.0.5.jar;C:\Users\dadaa\.gradle\caches\modules-2\files-2.1\com.sun.istack\istack-commons-runtime\4.1.2\18ec117c85f3ba0ac65409136afa8e42bc74e739\istack-commons-runtime-4.1.2.jar;C:\Users\dadaa\.gradle\caches\modules-2\files-2.1\ch.qos.logback\logback-core\1.5.8\3fce599197de3b6f387cc9bee412ead2b4994a46\logback-core-1.5.8.jar;C:\Users\dadaa\.gradle\caches\modules-2\files-2.1\org.apache.logging.log4j\log4j-api\2.23.1\9c15c29c526d9c6783049c0a77722693c66706e1\log4j-api-2.23.1.jar;C:\Users\dadaa\.gradle\caches\modules-2\files-2.1\org.reactivestreams\reactive-streams\1.0.4\3864a1320d97d7b045f729a326e1e077661f31b7\reactive-streams-1.0.4.jar;C:\Users\dadaa\.gradle\caches\modules-2\files-2.1\software.amazon.awssdk\third-party-jackson-core\2.25.70\96044f8f0117acb4d34c27dd4624b2f999585a15\third-party-jackson-core-2.25.70.jar;C:\Users\dadaa\.gradle\caches\modules-2\files-2.1\net.minidev\accessors-smart\2.5.1\19b820261eb2e7de7d5bde11d1c06e4501dd7e5f\accessors-smart-2.5.1.jar;C:\Users\dadaa\.gradle\caches\modules-2\files-2.1\org.ow2.asm\asm\9.6\aa205cf0a06dbd8e04ece91c0b37c3f5d567546a\asm-9.6.jar
Launcher Type: SUN_STANDARD

[Global flags]
     intx CICompilerCount                          = 4                                         {product} {ergonomic}
     uint ConcGCThreads                            = 2                                         {product} {ergonomic}
     uint G1ConcRefinementThreads                  = 8                                         {product} {ergonomic}
   size_t G1HeapRegionSize                         = 2097152                                   {product} {ergonomic}
    uintx GCDrainStackTargetSize                   = 64                                        {product} {ergonomic}
   size_t InitialHeapSize                          = 268435456                                 {product} {ergonomic}
   size_t MarkStackSize                            = 4194304                                   {product} {ergonomic}
   size_t MaxHeapSize                              = 4265607168                                {product} {ergonomic}
   size_t MinHeapDeltaBytes                        = 2097152                                   {product} {ergonomic}
   size_t MinHeapSize                              = 8388608                                   {product} {ergonomic}
    uintx NonNMethodCodeHeapSize                   = 5839372                                {pd product} {ergonomic}
    uintx NonProfiledCodeHeapSize                  = 122909434                              {pd product} {ergonomic}
    uintx ProfiledCodeHeapSize                     = 122909434                              {pd product} {ergonomic}
    uintx ReservedCodeCacheSize                    = 251658240                              {pd product} {ergonomic}
     bool SegmentedCodeCache                       = true                                      {product} {ergonomic}
   size_t SoftMaxHeapSize                          = 4265607168                             {manageable} {ergonomic}
     bool UseCompressedOops                        = true                           {product lp64_product} {ergonomic}
     bool UseG1GC                                  = true                                      {product} {ergonomic}
     bool UseLargePagesIndividualAllocation        = false                                  {pd product} {ergonomic}

Logging:
Log output configuration:
 #0: stdout all=warning uptime,level,tags foldmultilines=false
 #1: stderr all=off uptime,level,tags foldmultilines=false

Environment Variables:
JAVA_HOME=C:\Program Files\Java\jdk-21
PATH=C:\Program Files\Java\jdk-21\bin;C:\Python312\Scripts\;C:\Python312\;C:\Program Files\Java\jdk-21\bin;C:\Program Files\Common Files\Oracle\Java\javapath;C:\Program Files (x86)\VMware\VMware Player\bin\;C:\windows\system32;C:\windows;C:\windows\System32\Wbem;C:\windows\System32\WindowsPowerShell\v1.0\;C:\windows\System32\OpenSSH\;C:\Program Files (x86)\NVIDIA Corporation\PhysX\Common;C:\Program Files\NVIDIA Corporation\NVIDIA NvDLISR;C:\WINDOWS\system32;C:\WINDOWS;C:\WINDOWS\System32\Wbem;C:\WINDOWS\System32\WindowsPowerShell\v1.0\;C:\WINDOWS\System32\OpenSSH\;C:\Program Files (x86)\PuTTY\;C:\Users\dadaa\Documents\WindowsPowerShell\Scripts\InstalledScriptInfos;C:\ProgramData\chocolatey\bin;C:\Program Files\Git\cmd;C:\Program Files\nodejs\;C:\Users\dadaa\AppData\Local\Programs\Python\Launcher\;C:\Users\dadaa\AppData\Local\Microsoft\WindowsApps;C:\Users\dadaa\AppData\Local\Programs\Microsoft VS Code\bin;C:\Users\dadaa\AppData\Roaming\npm;C:\Program Files\JetBrains\IntelliJ IDEA Community Edition 2024.1.3\bin;;C:\Program Files\Java\jdk-21\bin;C:\Users\dadaa\Desktop\goorm\inflearn\Spring\1study\h2-2023-09-17\h2\bin;
USERNAME=dadaa
OS=Windows_NT
PROCESSOR_IDENTIFIER=Intel64 Family 6 Model 142 Stepping 11, GenuineIntel
TMP=C:\Users\dadaa\AppData\Local\Temp
TEMP=C:\Users\dadaa\AppData\Local\Temp




Periodic native trim disabled

---------------  S Y S T E M  ---------------

OS:
 Windows 11 , 64 bit Build 22621 (10.0.22621.3958)
OS uptime: 17 days 19:33 hours
Hyper-V role detected

CPU: total 8 (initial active 8) (4 cores per cpu, 2 threads per core) family 6 model 142 stepping 11 microcode 0xf0, cx8, cmov, fxsr, ht, mmx, 3dnowpref, sse, sse2, sse3, ssse3, sse4.1, sse4.2, popcnt, lzcnt, tsc, tscinvbit, avx, avx2, aes, erms, clmul, bmi1, bmi2, adx, fma, vzeroupper, clflush, clflushopt, hv, rdtscp, f16c
Processor Information for all 8 processors :
  Max Mhz: 1800, Current Mhz: 1600, Mhz Limit: 1584

Memory: 4k page, system-wide physical 16265M (260M free)
TotalPageFile size 65417M (AvailPageFile size 105M)
current process WorkingSet (physical memory assigned to process): 11M, peak: 11M
current process commit charge ("private bytes"): 60M, peak: 316M

vm_info: Java HotSpot(TM) 64-Bit Server VM (21.0.4+8-LTS-274) for windows-amd64 JRE (21.0.4+8-LTS-274), built on 2024-06-05T05:23:33Z by "mach5one" with MS VC++ 17.6 (VS2022)

END.
